<?xml version="1.0" encoding="UTF-8"?>
<!-- Generated by org.testng.reporters.JUnitReportReporter -->
<testsuite hostname="Shweta" failures="0" tests="1" name="test1" time="0.011" errors="0" timestamp="2022-09-12T23:09:25 IST" skipped="0">
  <testcase classname="test1" name="streamCollect" time="0.011"/>
  <system-out/>
</testsuite> <!-- test1 -->
