<?xml version="1.0" encoding="UTF-8"?>
<!-- Generated by org.testng.reporters.JUnitReportReporter -->
<testsuite hostname="Shweta" failures="0" tests="1" name="cucumber.TestNGTestRunner" time="8.736" errors="0" timestamp="2022-10-20T11:20:58 IST" skipped="0">
  <testcase classname="cucumber.TestNGTestRunner" name="runScenario" time="8.736"/>
  <system-out/>
</testsuite> <!-- cucumber.TestNGTestRunner -->
