<?xml version="1.0" encoding="UTF-8"?>
<!-- Generated by org.testng.reporters.JUnitReportReporter -->
<testsuite hostname="Shweta" failures="0" tests="1" name="shwetayadav.tests.Dumpy" time="17.918" errors="0" timestamp="2022-10-19T20:10:33 IST" skipped="0">
  <testcase classname="shwetayadav.tests.Dumpy" name="submitOrder" time="17.918"/>
  <system-out/>
</testsuite> <!-- shwetayadav.tests.Dumpy -->
