<?xml version="1.0" encoding="UTF-8"?>
<!-- Generated by org.testng.reporters.JUnitReportReporter -->
<testsuite hostname="Shweta" failures="0" tests="1" name="tcs.ExtentReport.ExtentReportDemo" time="6.318" errors="0" timestamp="2022-10-15T22:48:06 IST" skipped="0">
  <testcase classname="tcs.ExtentReport.ExtentReportDemo" name="initialDemo" time="6.318"/>
  <system-out/>
</testsuite> <!-- tcs.ExtentReport.ExtentReportDemo -->
