<?xml version="1.0" encoding="UTF-8"?>
<!-- Generated by org.testng.reporters.JUnitReportReporter -->
<testsuite hostname="Shweta" failures="0" tests="1" name="test.day1" time="0.009" errors="0" timestamp="2022-10-14T10:15:11 IST" skipped="0">
  <testcase classname="test.day1" name="Demo" time="0.009"/>
  <system-out/>
</testsuite> <!-- test.day1 -->
